<?xml version="1.0" encoding="UTF-8"?>
<!-- Generated by org.testng.reporters.JUnitReportReporter -->
<testsuite hostname="Abhi" failures="0" tests="1" name="com.e_banking.testCases.TC_AddCustomerTest_003" time="28.780" errors="0" timestamp="2023-12-02T12:24:30 IST" skipped="0">
  <testcase classname="com.e_banking.testCases.TC_AddCustomerTest_003" name="addNewCustomer" time="28.780"/>
  <system-out/>
</testsuite> <!-- com.e_banking.testCases.TC_AddCustomerTest_003 -->
