<?xml version="1.0" encoding="UTF-8"?>
<!-- Generated by org.testng.reporters.JUnitReportReporter -->
<testsuite hostname="Abhi" failures="0" tests="1" name="com.e_banking.testCases.TC_LoginTest_001" time="6.350" errors="0" timestamp="2023-12-02T18:14:35 IST" skipped="0">
  <testcase classname="com.e_banking.testCases.TC_LoginTest_001" name="loginTest" time="6.350"/>
  <system-out/>
</testsuite> <!-- com.e_banking.testCases.TC_LoginTest_001 -->
